# JRE version: OpenJDK Runtime Environment (8.0_152-b01) (build 1.8.0_152-release-915-b01)
# Java VM: OpenJDK 64-Bit Server VM (25.152-b01 mixed mode windows-amd64 compressed oops)
Heap:
 PSYoungGen      total 473088K, used 402760K [0x00000000e0000000, 0x0000000100000000, 0x0000000100000000)
  eden space 426496K, 85% used [0x00000000e0000000,0x00000000f6321620,0x00000000fa080000)
  from space 46592K, 83% used [0x00000000fa080000,0x00000000fc6b0c98,0x00000000fce00000)
  to   space 51200K, 0% used [0x00000000fce00000,0x00000000fce00000,0x0000000100000000)
 ParOldGen       total 233984K, used 89327K [0x00000000a0000000, 0x00000000ae480000, 0x00000000e0000000)
  object space 233984K, 38% used [0x00000000a0000000,0x00000000a573bd90,0x00000000ae480000)
 Metaspace       used 104813K, capacity 112958K, committed 113024K, reserved 1146880K
  class space    used 13291K, capacity 15177K, committed 15232K, reserved 1048576K
GC Heap History (10 events):
Event: 2346.142 GC heap before
{Heap before GC invocations=35 (full 4):
 PSYoungGen      total 464384K, used 421204K [0x00000000e0000000, 0x00000000ffd00000, 0x0000000100000000)
  eden space 410624K, 100% used [0x00000000e0000000,0x00000000f9100000,0x00000000f9100000)
  from space 53760K, 19% used [0x00000000fc880000,0x00000000fd2d52c8,0x00000000ffd00000)
  to   space 55296K, 0% used [0x00000000f9100000,0x00000000f9100000,0x00000000fc700000)
 ParOldGen       total 233984K, used 85214K [0x00000000a0000000, 0x00000000ae480000, 0x00000000e0000000)
  object space 233984K, 36% used [0x00000000a0000000,0x00000000a5337830,0x00000000ae480000)
 Metaspace       used 104460K, capacity 112508K, committed 112768K, reserved 1146880K
  class space    used 13272K, capacity 15154K, committed 15232K, reserved 1048576K
Event: 2346.161 GC heap after
Heap after GC invocations=35 (full 4):
 PSYoungGen      total 465920K, used 11963K [0x00000000e0000000, 0x00000000ffd80000, 0x0000000100000000)
  eden space 410624K, 0% used [0x00000000e0000000,0x00000000e0000000,0x00000000f9100000)
  from space 55296K, 21% used [0x00000000f9100000,0x00000000f9caece0,0x00000000fc700000)
  to   space 53248K, 0% used [0x00000000fc980000,0x00000000fc980000,0x00000000ffd80000)
 ParOldGen       total 233984K, used 85478K [0x00000000a0000000, 0x00000000ae480000, 0x00000000e0000000)
  object space 233984K, 36% used [0x00000000a0000000,0x00000000a5379848,0x00000000ae480000)
 Metaspace       used 104460K, capacity 112508K, committed 112768K, reserved 1146880K
  class space    used 13272K, capacity 15154K, committed 15232K, reserved 1048576K
}
Event: 2351.716 GC heap before
{Heap before GC invocations=36 (full 4):
 PSYoungGen      total 465920K, used 422587K [0x00000000e0000000, 0x00000000ffd80000, 0x0000000100000000)
  eden space 410624K, 100% used [0x00000000e0000000,0x00000000f9100000,0x00000000f9100000)
  from space 55296K, 21% used [0x00000000f9100000,0x00000000f9caece0,0x00000000fc700000)
  to   space 53248K, 0% used [0x00000000fc980000,0x00000000fc980000,0x00000000ffd80000)
 ParOldGen       total 233984K, used 85478K [0x00000000a0000000, 0x00000000ae480000, 0x00000000e0000000)
  object space 233984K, 36% used [0x00000000a0000000,0x00000000a5379848,0x00000000ae480000)
 Metaspace       used 104577K, capacity 112594K, committed 112768K, reserved 1146880K
  class space    used 13280K, capacity 15159K, committed 15232K, reserved 1048576K
Event: 2351.748 GC heap after
Heap after GC invocations=36 (full 4):
 PSYoungGen      total 463360K, used 18467K [0x00000000e0000000, 0x00000000ff800000, 0x0000000100000000)
  eden space 415744K, 0% used [0x00000000e0000000,0x00000000e0000000,0x00000000f9600000)
  from space 47616K, 38% used [0x00000000fc980000,0x00000000fdb88c00,0x00000000ff800000)
  to   space 50176K, 0% used [0x00000000f9600000,0x00000000f9600000,0x00000000fc700000)
 ParOldGen       total 233984K, used 85486K [0x00000000a0000000, 0x00000000ae480000, 0x00000000e0000000)
  object space 233984K, 36% used [0x00000000a0000000,0x00000000a537b848,0x00000000ae480000)
 Metaspace       used 104577K, capacity 112594K, committed 112768K, reserved 1146880K
  class space    used 13280K, capacity 15159K, committed 15232K, reserved 1048576K
}
Event: 2352.656 GC heap before
{Heap before GC invocations=37 (full 4):
 PSYoungGen      total 463360K, used 434211K [0x00000000e0000000, 0x00000000ff800000, 0x0000000100000000)
  eden space 415744K, 100% used [0x00000000e0000000,0x00000000f9600000,0x00000000f9600000)
  from space 47616K, 38% used [0x00000000fc980000,0x00000000fdb88c00,0x00000000ff800000)
  to   space 50176K, 0% used [0x00000000f9600000,0x00000000f9600000,0x00000000fc700000)
 ParOldGen       total 233984K, used 85486K [0x00000000a0000000, 0x00000000ae480000, 0x00000000e0000000)
  object space 233984K, 36% used [0x00000000a0000000,0x00000000a537b848,0x00000000ae480000)
 Metaspace       used 104586K, capacity 112594K, committed 112768K, reserved 1146880K
  class space    used 13280K, capacity 15159K, committed 15232K, reserved 1048576K
Event: 2352.692 GC heap after
Heap after GC invocations=37 (full 4):
 PSYoungGen      total 465920K, used 21215K [0x00000000e0000000, 0x00000000ffd80000, 0x0000000100000000)
  eden space 415744K, 0% used [0x00000000e0000000,0x00000000e0000000,0x00000000f9600000)
  from space 50176K, 42% used [0x00000000f9600000,0x00000000faab7d48,0x00000000fc700000)
  to   space 47616K, 0% used [0x00000000fcf00000,0x00000000fcf00000,0x00000000ffd80000)
 ParOldGen       total 233984K, used 85494K [0x00000000a0000000, 0x00000000ae480000, 0x00000000e0000000)
  object space 233984K, 36% used [0x00000000a0000000,0x00000000a537d848,0x00000000ae480000)
 Metaspace       used 104586K, capacity 112594K, committed 112768K, reserved 1146880K
  class space    used 13280K, capacity 15159K, committed 15232K, reserved 1048576K
}
Event: 2353.420 GC heap before
{Heap before GC invocations=38 (full 4):
 PSYoungGen      total 465920K, used 436959K [0x00000000e0000000, 0x00000000ffd80000, 0x0000000100000000)
  eden space 415744K, 100% used [0x00000000e0000000,0x00000000f9600000,0x00000000f9600000)
  from space 50176K, 42% used [0x00000000f9600000,0x00000000faab7d48,0x00000000fc700000)
  to   space 47616K, 0% used [0x00000000fcf00000,0x00000000fcf00000,0x00000000ffd80000)
 ParOldGen       total 233984K, used 85494K [0x00000000a0000000, 0x00000000ae480000, 0x00000000e0000000)
  object space 233984K, 36% used [0x00000000a0000000,0x00000000a537d848,0x00000000ae480000)
 Metaspace       used 104593K, capacity 112594K, committed 112768K, reserved 1146880K
  class space    used 13280K, capacity 15159K, committed 15232K, reserved 1048576K
Event: 2353.446 GC heap after
Heap after GC invocations=38 (full 4):
 PSYoungGen      total 472064K, used 24303K [0x00000000e0000000, 0x00000000ffb80000, 0x0000000100000000)
  eden space 426496K, 0% used [0x00000000e0000000,0x00000000e0000000,0x00000000fa080000)
  from space 45568K, 53% used [0x00000000fcf00000,0x00000000fe6bbcf8,0x00000000ffb80000)
  to   space 46592K, 0% used [0x00000000fa080000,0x00000000fa080000,0x00000000fce00000)
 ParOldGen       total 233984K, used 87502K [0x00000000a0000000, 0x00000000ae480000, 0x00000000e0000000)
  object space 233984K, 37% used [0x00000000a0000000,0x00000000a55738d8,0x00000000ae480000)
 Metaspace       used 104593K, capacity 112594K, committed 112768K, reserved 1146880K
  class space    used 13280K, capacity 15159K, committed 15232K, reserved 1048576K
}
Event: 2355.404 GC heap before
{Heap before GC invocations=39 (full 4):
 PSYoungGen      total 472064K, used 450799K [0x00000000e0000000, 0x00000000ffb80000, 0x0000000100000000)
  eden space 426496K, 100% used [0x00000000e0000000,0x00000000fa080000,0x00000000fa080000)
  from space 45568K, 53% used [0x00000000fcf00000,0x00000000fe6bbcf8,0x00000000ffb80000)
  to   space 46592K, 0% used [0x00000000fa080000,0x00000000fa080000,0x00000000fce00000)
 ParOldGen       total 233984K, used 87502K [0x00000000a0000000, 0x00000000ae480000, 0x00000000e0000000)
  object space 233984K, 37% used [0x00000000a0000000,0x00000000a55738d8,0x00000000ae480000)
 Metaspace       used 104661K, capacity 112658K, committed 112768K, reserved 1146880K
  class space    used 13280K, capacity 15159K, committed 15232K, reserved 1048576K
Event: 2355.452 GC heap after
Heap after GC invocations=39 (full 4):
 PSYoungGen      total 473088K, used 39107K [0x00000000e0000000, 0x0000000100000000, 0x0000000100000000)
  eden space 426496K, 0% used [0x00000000e0000000,0x00000000e0000000,0x00000000fa080000)
  from space 46592K, 83% used [0x00000000fa080000,0x00000000fc6b0c98,0x00000000fce00000)
  to   space 51200K, 0% used [0x00000000fce00000,0x00000000fce00000,0x0000000100000000)
 ParOldGen       total 233984K, used 89327K [0x00000000a0000000, 0x00000000ae480000, 0x00000000e0000000)
  object space 233984K, 38% used [0x00000000a0000000,0x00000000a573bd90,0x00000000ae480000)
 Metaspace       used 104661K, capacity 112658K, committed 112768K, reserved 1146880K
  class space    used 13280K, capacity 15159K, committed 15232K, reserved 1048576K
}

