# JRE version: OpenJDK Runtime Environment (8.0_152-b01) (build 1.8.0_152-release-915-b01)
# Java VM: OpenJDK 64-Bit Server VM (25.152-b01 mixed mode windows-amd64 compressed oops)
Heap:
 PSYoungGen      total 491520K, used 158830K [0x00000000e0000000, 0x0000000100000000, 0x0000000100000000)
  eden space 462848K, 29% used [0x00000000e0000000,0x00000000e8620c80,0x00000000fc400000)
  from space 28672K, 74% used [0x00000000fe400000,0x00000000ff8fae30,0x0000000100000000)
  to   space 30720K, 0% used [0x00000000fc400000,0x00000000fc400000,0x00000000fe200000)
 ParOldGen       total 110080K, used 71224K [0x00000000a0000000, 0x00000000a6b80000, 0x00000000e0000000)
  object space 110080K, 64% used [0x00000000a0000000,0x00000000a458e210,0x00000000a6b80000)
 Metaspace       used 73994K, capacity 78488K, committed 78740K, reserved 1118208K
  class space    used 9510K, capacity 10578K, committed 10644K, reserved 1048576K
GC Heap History (10 events):
Event: 2211.426 GC heap before
{Heap before GC invocations=13 (full 3):
 PSYoungGen      total 456704K, used 440199K [0x00000000e0000000, 0x0000000100000000, 0x0000000100000000)
  eden space 425984K, 100% used [0x00000000e0000000,0x00000000fa000000,0x00000000fa000000)
  from space 30720K, 46% used [0x00000000fa000000,0x00000000fade1ec8,0x00000000fbe00000)
  to   space 29184K, 0% used [0x00000000fe380000,0x00000000fe380000,0x0000000100000000)
 ParOldGen       total 110080K, used 48361K [0x00000000a0000000, 0x00000000a6b80000, 0x00000000e0000000)
  object space 110080K, 43% used [0x00000000a0000000,0x00000000a2f3a670,0x00000000a6b80000)
 Metaspace       used 70805K, capacity 74842K, committed 74900K, reserved 1114112K
  class space    used 9149K, capacity 10129K, committed 10132K, reserved 1048576K
Event: 2211.469 GC heap after
Heap after GC invocations=13 (full 3):
 PSYoungGen      total 493056K, used 19777K [0x00000000e0000000, 0x0000000100000000, 0x0000000100000000)
  eden space 463872K, 0% used [0x00000000e0000000,0x00000000e0000000,0x00000000fc500000)
  from space 29184K, 67% used [0x00000000fe380000,0x00000000ff6d0758,0x0000000100000000)
  to   space 30208K, 0% used [0x00000000fc500000,0x00000000fc500000,0x00000000fe280000)
 ParOldGen       total 110080K, used 48377K [0x00000000a0000000, 0x00000000a6b80000, 0x00000000e0000000)
  object space 110080K, 43% used [0x00000000a0000000,0x00000000a2f3e670,0x00000000a6b80000)
 Metaspace       used 70805K, capacity 74842K, committed 74900K, reserved 1114112K
  class space    used 9149K, capacity 10129K, committed 10132K, reserved 1048576K
}
Event: 2213.560 GC heap before
{Heap before GC invocations=14 (full 3):
 PSYoungGen      total 493056K, used 483649K [0x00000000e0000000, 0x0000000100000000, 0x0000000100000000)
  eden space 463872K, 100% used [0x00000000e0000000,0x00000000fc500000,0x00000000fc500000)
  from space 29184K, 67% used [0x00000000fe380000,0x00000000ff6d0758,0x0000000100000000)
  to   space 30208K, 0% used [0x00000000fc500000,0x00000000fc500000,0x00000000fe280000)
 ParOldGen       total 110080K, used 48377K [0x00000000a0000000, 0x00000000a6b80000, 0x00000000e0000000)
  object space 110080K, 43% used [0x00000000a0000000,0x00000000a2f3e670,0x00000000a6b80000)
 Metaspace       used 71041K, capacity 75106K, committed 75156K, reserved 1114112K
  class space    used 9149K, capacity 10129K, committed 10132K, reserved 1048576K
Event: 2213.602 GC heap after
Heap after GC invocations=14 (full 3):
 PSYoungGen      total 494080K, used 7152K [0x00000000e0000000, 0x0000000100000000, 0x0000000100000000)
  eden space 463872K, 0% used [0x00000000e0000000,0x00000000e0000000,0x00000000fc500000)
  from space 30208K, 23% used [0x00000000fc500000,0x00000000fcbfc050,0x00000000fe280000)
  to   space 29696K, 0% used [0x00000000fe300000,0x00000000fe300000,0x0000000100000000)
 ParOldGen       total 110080K, used 61072K [0x00000000a0000000, 0x00000000a6b80000, 0x00000000e0000000)
  object space 110080K, 55% used [0x00000000a0000000,0x00000000a3ba4200,0x00000000a6b80000)
 Metaspace       used 71041K, capacity 75106K, committed 75156K, reserved 1114112K
  class space    used 9149K, capacity 10129K, committed 10132K, reserved 1048576K
}
Event: 2215.134 GC heap before
{Heap before GC invocations=15 (full 3):
 PSYoungGen      total 494080K, used 471024K [0x00000000e0000000, 0x0000000100000000, 0x0000000100000000)
  eden space 463872K, 100% used [0x00000000e0000000,0x00000000fc500000,0x00000000fc500000)
  from space 30208K, 23% used [0x00000000fc500000,0x00000000fcbfc050,0x00000000fe280000)
  to   space 29696K, 0% used [0x00000000fe300000,0x00000000fe300000,0x0000000100000000)
 ParOldGen       total 110080K, used 61072K [0x00000000a0000000, 0x00000000a6b80000, 0x00000000e0000000)
  object space 110080K, 55% used [0x00000000a0000000,0x00000000a3ba4200,0x00000000a6b80000)
 Metaspace       used 71073K, capacity 75170K, committed 75412K, reserved 1114112K
  class space    used 9149K, capacity 10129K, committed 10132K, reserved 1048576K
Event: 2215.163 GC heap after
Heap after GC invocations=15 (full 3):
 PSYoungGen      total 492544K, used 6288K [0x00000000e0000000, 0x00000000ffe80000, 0x0000000100000000)
  eden space 464384K, 0% used [0x00000000e0000000,0x00000000e0000000,0x00000000fc580000)
  from space 28160K, 22% used [0x00000000fe300000,0x00000000fe924040,0x00000000ffe80000)
  to   space 29184K, 0% used [0x00000000fc580000,0x00000000fc580000,0x00000000fe200000)
 ParOldGen       total 110080K, used 66608K [0x00000000a0000000, 0x00000000a6b80000, 0x00000000e0000000)
  object space 110080K, 60% used [0x00000000a0000000,0x00000000a410c210,0x00000000a6b80000)
 Metaspace       used 71073K, capacity 75170K, committed 75412K, reserved 1114112K
  class space    used 9149K, capacity 10129K, committed 10132K, reserved 1048576K
}
Event: 2217.968 GC heap before
{Heap before GC invocations=16 (full 3):
 PSYoungGen      total 492544K, used 470672K [0x00000000e0000000, 0x00000000ffe80000, 0x0000000100000000)
  eden space 464384K, 100% used [0x00000000e0000000,0x00000000fc580000,0x00000000fc580000)
  from space 28160K, 22% used [0x00000000fe300000,0x00000000fe924040,0x00000000ffe80000)
  to   space 29184K, 0% used [0x00000000fc580000,0x00000000fc580000,0x00000000fe200000)
 ParOldGen       total 110080K, used 66608K [0x00000000a0000000, 0x00000000a6b80000, 0x00000000e0000000)
  object space 110080K, 60% used [0x00000000a0000000,0x00000000a410c210,0x00000000a6b80000)
 Metaspace       used 71137K, capacity 75182K, committed 75412K, reserved 1114112K
  class space    used 9154K, capacity 10131K, committed 10132K, reserved 1048576K
Event: 2217.985 GC heap after
Heap after GC invocations=16 (full 3):
 PSYoungGen      total 493568K, used 5888K [0x00000000e0000000, 0x0000000100000000, 0x0000000100000000)
  eden space 464384K, 0% used [0x00000000e0000000,0x00000000e0000000,0x00000000fc580000)
  from space 29184K, 20% used [0x00000000fc580000,0x00000000fcb40020,0x00000000fe200000)
  to   space 28672K, 0% used [0x00000000fe400000,0x00000000fe400000,0x0000000100000000)
 ParOldGen       total 110080K, used 71216K [0x00000000a0000000, 0x00000000a6b80000, 0x00000000e0000000)
  object space 110080K, 64% used [0x00000000a0000000,0x00000000a458c210,0x00000000a6b80000)
 Metaspace       used 71137K, capacity 75182K, committed 75412K, reserved 1114112K
  class space    used 9154K, capacity 10131K, committed 10132K, reserved 1048576K
}
Event: 2223.230 GC heap before
{Heap before GC invocations=17 (full 3):
 PSYoungGen      total 493568K, used 469591K [0x00000000e0000000, 0x0000000100000000, 0x0000000100000000)
  eden space 464384K, 99% used [0x00000000e0000000,0x00000000fc4d5e58,0x00000000fc580000)
  from space 29184K, 20% used [0x00000000fc580000,0x00000000fcb40020,0x00000000fe200000)
  to   space 28672K, 0% used [0x00000000fe400000,0x00000000fe400000,0x0000000100000000)
 ParOldGen       total 110080K, used 71216K [0x00000000a0000000, 0x00000000a6b80000, 0x00000000e0000000)
  object space 110080K, 64% used [0x00000000a0000000,0x00000000a458c210,0x00000000a6b80000)
 Metaspace       used 73037K, capacity 77238K, committed 77460K, reserved 1116160K
  class space    used 9364K, capacity 10355K, committed 10388K, reserved 1048576K
Event: 2223.246 GC heap after
Heap after GC invocations=17 (full 3):
 PSYoungGen      total 491520K, used 21483K [0x00000000e0000000, 0x0000000100000000, 0x0000000100000000)
  eden space 462848K, 0% used [0x00000000e0000000,0x00000000e0000000,0x00000000fc400000)
  from space 28672K, 74% used [0x00000000fe400000,0x00000000ff8fae30,0x0000000100000000)
  to   space 30720K, 0% used [0x00000000fc400000,0x00000000fc400000,0x00000000fe200000)
 ParOldGen       total 110080K, used 71224K [0x00000000a0000000, 0x00000000a6b80000, 0x00000000e0000000)
  object space 110080K, 64% used [0x00000000a0000000,0x00000000a458e210,0x00000000a6b80000)
 Metaspace       used 73037K, capacity 77238K, committed 77460K, reserved 1116160K
  class space    used 9364K, capacity 10355K, committed 10388K, reserved 1048576K
}

